Content-Type: multipart/alternative;
 boundary="===============7408804355039047740=="
MIME-Version: 1.0
Subject: Profile activation
From: anmolg@chromeinfotech.com
To: mohit123@gmail.com
Date: Wed, 04 Oct 2023 05:52:21 -0000
Message-ID: <169639874160.12104.9643272626244232551@DESKTOP-3I9H2J1>

--===============7408804355039047740==
Content-Type: text/plain; charset="utf-8"
MIME-Version: 1.0
Content-Transfer-Encoding: 7bit



To activate your profile, please follow this link:

http://127.0.0.1:8000/accounts/activate/a4luye117UdBVdQW0yQG/

--===============7408804355039047740==
Content-Type: text/html; charset="utf-8"
MIME-Version: 1.0
Content-Transfer-Encoding: 7bit



<!DOCTYPE html PUBLIC "-//W3C//DTD XHTML 1.0 Transitional//EN"
        "http://www.w3.org/TR/xhtml1/DTD/xhtml1-transitional.dtd">
<html xmlns="http://www.w3.org/1999/xhtml">
<head>
    <meta http-equiv="Content-Type" content="text/html; charset=UTF-8"/>
    <title>Profile activation</title>
    <meta name="viewport" content="width=device-width, initial-scale=1.0"/>
</head>

<body>

<p>
    To activate your profile, please follow this link:
</p>

<p>
    <a href="http://127.0.0.1:8000/accounts/activate/a4luye117UdBVdQW0yQG/">http://127.0.0.1:8000/accounts/activate/a4luye117UdBVdQW0yQG/</a>
</p>

</body>

</html>

--===============7408804355039047740==--

-------------------------------------------------------------------------------
