Content-Type: multipart/alternative;
 boundary="===============8467600114651426552=="
MIME-Version: 1.0
Subject: Profile activation
From: test@example.com
To: anmol2750@gmail.com
Date: Fri, 29 Sep 2023 07:32:56 -0000
Message-ID: <169597277681.7872.11374450610094798463@DESKTOP-3I9H2J1>

--===============8467600114651426552==
Content-Type: text/plain; charset="utf-8"
MIME-Version: 1.0
Content-Transfer-Encoding: 7bit



To activate your profile, please follow this link:

http://127.0.0.1:8000/accounts/activate/FdjMvzQPaTLcemg0v0xD/

--===============8467600114651426552==
Content-Type: text/html; charset="utf-8"
MIME-Version: 1.0
Content-Transfer-Encoding: 7bit



<!DOCTYPE html PUBLIC "-//W3C//DTD XHTML 1.0 Transitional//EN"
        "http://www.w3.org/TR/xhtml1/DTD/xhtml1-transitional.dtd">
<html xmlns="http://www.w3.org/1999/xhtml">
<head>
    <meta http-equiv="Content-Type" content="text/html; charset=UTF-8"/>
    <title>Profile activation</title>
    <meta name="viewport" content="width=device-width, initial-scale=1.0"/>
</head>

<body>

<p>
    To activate your profile, please follow this link:
</p>

<p>
    <a href="http://127.0.0.1:8000/accounts/activate/FdjMvzQPaTLcemg0v0xD/">http://127.0.0.1:8000/accounts/activate/FdjMvzQPaTLcemg0v0xD/</a>
</p>

</body>

</html>

--===============8467600114651426552==--

-------------------------------------------------------------------------------
