Content-Type: multipart/alternative;
 boundary="===============1956770044561666538=="
MIME-Version: 1.0
Subject: Profile activation
From: anmolg@chromeinfotech.com
To: avibansal123@gmail.com
Date: Wed, 04 Oct 2023 05:58:47 -0000
Message-ID: <169639912746.12104.3506299450698220513@DESKTOP-3I9H2J1>

--===============1956770044561666538==
Content-Type: text/plain; charset="utf-8"
MIME-Version: 1.0
Content-Transfer-Encoding: 7bit



To activate your profile, please follow this link:

http://127.0.0.1:8000/accounts/activate/VbtyXQ0mOYuNPoItTZiK/

--===============1956770044561666538==
Content-Type: text/html; charset="utf-8"
MIME-Version: 1.0
Content-Transfer-Encoding: 7bit



<!DOCTYPE html PUBLIC "-//W3C//DTD XHTML 1.0 Transitional//EN"
        "http://www.w3.org/TR/xhtml1/DTD/xhtml1-transitional.dtd">
<html xmlns="http://www.w3.org/1999/xhtml">
<head>
    <meta http-equiv="Content-Type" content="text/html; charset=UTF-8"/>
    <title>Profile activation</title>
    <meta name="viewport" content="width=device-width, initial-scale=1.0"/>
</head>

<body>

<p>
    To activate your profile, please follow this link:
</p>

<p>
    <a href="http://127.0.0.1:8000/accounts/activate/VbtyXQ0mOYuNPoItTZiK/">http://127.0.0.1:8000/accounts/activate/VbtyXQ0mOYuNPoItTZiK/</a>
</p>

</body>

</html>

--===============1956770044561666538==--

-------------------------------------------------------------------------------
