Content-Type: multipart/alternative;
 boundary="===============7931614290352225167=="
MIME-Version: 1.0
Subject: Profile activation
From: test@example.com
To: anmolg@chromeinfotech.com
Date: Fri, 29 Sep 2023 07:28:00 -0000
Message-ID: <169597248085.7872.2621116498099315334@DESKTOP-3I9H2J1>

--===============7931614290352225167==
Content-Type: text/plain; charset="utf-8"
MIME-Version: 1.0
Content-Transfer-Encoding: 7bit



To activate your profile, please follow this link:

http://127.0.0.1:8000/accounts/activate/1rIK8y8dFhg0vsFS93NA/

--===============7931614290352225167==
Content-Type: text/html; charset="utf-8"
MIME-Version: 1.0
Content-Transfer-Encoding: 7bit



<!DOCTYPE html PUBLIC "-//W3C//DTD XHTML 1.0 Transitional//EN"
        "http://www.w3.org/TR/xhtml1/DTD/xhtml1-transitional.dtd">
<html xmlns="http://www.w3.org/1999/xhtml">
<head>
    <meta http-equiv="Content-Type" content="text/html; charset=UTF-8"/>
    <title>Profile activation</title>
    <meta name="viewport" content="width=device-width, initial-scale=1.0"/>
</head>

<body>

<p>
    To activate your profile, please follow this link:
</p>

<p>
    <a href="http://127.0.0.1:8000/accounts/activate/1rIK8y8dFhg0vsFS93NA/">http://127.0.0.1:8000/accounts/activate/1rIK8y8dFhg0vsFS93NA/</a>
</p>

</body>

</html>

--===============7931614290352225167==--

-------------------------------------------------------------------------------
